Sun Feb 16 17:07:31 CET 2014 : Servidor de red Apache Derby: Se ha iniciado 10.10.1.1 - (1458268) y está listo para aceptar las conexiones en el puerto 1527
Sun Feb 16 17:07:46 CET 2014 Thread[DRDAConnThread_2,5,main] Cleanup action starting
java.sql.SQLException: No se ha podido iniciar la base de datos 'sample' con el cargador de clases sun.misc.Launcher$AppClassLoader@2e7cf883, consulte la excepción siguiente para obtener más información.
	at org.apache.derby.impl.jdbc.SQLExceptionFactory40.getSQLException(Unknown Source)
	at org.apache.derby.impl.jdbc.Util.newEmbedSQLException(Unknown Source)
	at org.apache.derby.impl.jdbc.Util.seeNextException(Unknown Source)
	at org.apache.derby.impl.jdbc.EmbedConnection.bootDatabase(Unknown Source)
	at org.apache.derby.impl.jdbc.EmbedConnection.<init>(Unknown Source)
	at org.apache.derby.impl.jdbc.EmbedConnection40.<init>(Unknown Source)
	at org.apache.derby.jdbc.Driver40.getNewEmbedConnection(Unknown Source)
	at org.apache.derby.jdbc.InternalDriver.connect(Unknown Source)
	at org.apache.derby.jdbc.Driver20.connect(Unknown Source)
	at org.apache.derby.jdbc.EmbeddedDriver.connect(Unknown Source)
	at org.apache.derby.impl.drda.Database.makeConnection(Unknown Source)
	at org.apache.derby.impl.drda.DRDAConnThread.getConnFromDatabaseName(Unknown Source)
	at org.apache.derby.impl.drda.DRDAConnThread.verifyUserIdPassword(Unknown Source)
	at org.apache.derby.impl.drda.DRDAConnThread.parseSECCHK(Unknown Source)
	at org.apache.derby.impl.drda.DRDAConnThread.parseDRDAConnection(Unknown Source)
	at org.apache.derby.impl.drda.DRDAConnThread.processCommands(Unknown Source)
	at org.apache.derby.impl.drda.DRDAConnThread.run(Unknown Source)
Caused by: java.sql.SQLException: No se ha podido iniciar la base de datos 'sample' con el cargador de clases sun.misc.Launcher$AppClassLoader@2e7cf883, consulte la excepción siguiente para obtener más información.
	at org.apache.derby.impl.jdbc.SQLExceptionFactory.getSQLException(Unknown Source)
	at org.apache.derby.impl.jdbc.SQLExceptionFactory40.wrapArgsForTransportAcrossDRDA(Unknown Source)
	... 17 more
Caused by: java.sql.SQLException: Falta el privilegio para la operación 'exists' en el archivo 'service.properties': access denied ("java.io.FilePermission" "/home/leonardo/workspaceEE/progr3/BD/db-derby-10.10.1.1-bin/bin/sample/service.properties" "read")
	at org.apache.derby.impl.jdbc.SQLExceptionFactory.getSQLException(Unknown Source)
	at org.apache.derby.impl.jdbc.SQLExceptionFactory40.wrapArgsForTransportAcrossDRDA(Unknown Source)
	at org.apache.derby.impl.jdbc.SQLExceptionFactory40.getSQLException(Unknown Source)
	at org.apache.derby.impl.jdbc.Util.generateCsSQLException(Unknown Source)
	... 14 more
Caused by: ERROR XBM0C: Falta el privilegio para la operación 'exists' en el archivo 'service.properties': access denied ("java.io.FilePermission" "/home/leonardo/workspaceEE/progr3/BD/db-derby-10.10.1.1-bin/bin/sample/service.properties" "read")
	at org.apache.derby.iapi.error.StandardException.newException(Unknown Source)
	at org.apache.derby.impl.services.monitor.StorageFactoryService$FileOperationHelper.handleSecPrivException(Unknown Source)
	at org.apache.derby.impl.services.monitor.StorageFactoryService$FileOperationHelper.exists(Unknown Source)
	at org.apache.derby.impl.services.monitor.StorageFactoryService.resolveServicePropertiesFiles(Unknown Source)
	at org.apache.derby.impl.services.monitor.StorageFactoryService.access$500(Unknown Source)
	at org.apache.derby.impl.services.monitor.StorageFactoryService$4.run(Unknown Source)
	at java.security.AccessController.doPrivileged(Native Method)
	at org.apache.derby.impl.services.monitor.StorageFactoryService.getServiceProperties(Unknown Source)
	at org.apache.derby.impl.services.monitor.BaseMonitor.findProviderAndStartService(Unknown Source)
	at org.apache.derby.impl.services.monitor.BaseMonitor.startPersistentService(Unknown Source)
	at org.apache.derby.iapi.services.monitor.Monitor.startPersistentService(Unknown Source)
	... 14 more
Caused by: java.security.AccessControlException: access denied ("java.io.FilePermission" "/home/leonardo/workspaceEE/progr3/BD/db-derby-10.10.1.1-bin/bin/sample/service.properties" "read")
	at java.security.AccessControlContext.checkPermission(Unknown Source)
	at java.security.AccessController.checkPermission(Unknown Source)
	at java.lang.SecurityManager.checkPermission(Unknown Source)
	at java.lang.SecurityManager.checkRead(Unknown Source)
	at java.io.File.exists(Unknown Source)
	... 23 more
============= begin nested exception, level (1) ===========
java.sql.SQLException: Falta el privilegio para la operación 'exists' en el archivo 'service.properties': access denied ("java.io.FilePermission" "/home/leonardo/workspaceEE/progr3/BD/db-derby-10.10.1.1-bin/bin/sample/service.properties" "read")
	at org.apache.derby.impl.jdbc.SQLExceptionFactory40.getSQLException(Unknown Source)
	at org.apache.derby.impl.jdbc.Util.generateCsSQLException(Unknown Source)
	at org.apache.derby.impl.jdbc.EmbedConnection.bootDatabase(Unknown Source)
	at org.apache.derby.impl.jdbc.EmbedConnection.<init>(Unknown Source)
	at org.apache.derby.impl.jdbc.EmbedConnection40.<init>(Unknown Source)
	at org.apache.derby.jdbc.Driver40.getNewEmbedConnection(Unknown Source)
	at org.apache.derby.jdbc.InternalDriver.connect(Unknown Source)
	at org.apache.derby.jdbc.Driver20.connect(Unknown Source)
	at org.apache.derby.jdbc.EmbeddedDriver.connect(Unknown Source)
	at org.apache.derby.impl.drda.Database.makeConnection(Unknown Source)
	at org.apache.derby.impl.drda.DRDAConnThread.getConnFromDatabaseName(Unknown Source)
	at org.apache.derby.impl.drda.DRDAConnThread.verifyUserIdPassword(Unknown Source)
	at org.apache.derby.impl.drda.DRDAConnThread.parseSECCHK(Unknown Source)
	at org.apache.derby.impl.drda.DRDAConnThread.parseDRDAConnection(Unknown Source)
	at org.apache.derby.impl.drda.DRDAConnThread.processCommands(Unknown Source)
	at org.apache.derby.impl.drda.DRDAConnThread.run(Unknown Source)
Caused by: java.sql.SQLException: Falta el privilegio para la operación 'exists' en el archivo 'service.properties': access denied ("java.io.FilePermission" "/home/leonardo/workspaceEE/progr3/BD/db-derby-10.10.1.1-bin/bin/sample/service.properties" "read")
	at org.apache.derby.impl.jdbc.SQLExceptionFactory.getSQLException(Unknown Source)
	at org.apache.derby.impl.jdbc.SQLExceptionFactory40.wrapArgsForTransportAcrossDRDA(Unknown Source)
	... 16 more
Caused by: ERROR XBM0C: Falta el privilegio para la operación 'exists' en el archivo 'service.properties': access denied ("java.io.FilePermission" "/home/leonardo/workspaceEE/progr3/BD/db-derby-10.10.1.1-bin/bin/sample/service.properties" "read")
	at org.apache.derby.iapi.error.StandardException.newException(Unknown Source)
	at org.apache.derby.impl.services.monitor.StorageFactoryService$FileOperationHelper.handleSecPrivException(Unknown Source)
	at org.apache.derby.impl.services.monitor.StorageFactoryService$FileOperationHelper.exists(Unknown Source)
	at org.apache.derby.impl.services.monitor.StorageFactoryService.resolveServicePropertiesFiles(Unknown Source)
	at org.apache.derby.impl.services.monitor.StorageFactoryService.access$500(Unknown Source)
	at org.apache.derby.impl.services.monitor.StorageFactoryService$4.run(Unknown Source)
	at java.security.AccessController.doPrivileged(Native Method)
	at org.apache.derby.impl.services.monitor.StorageFactoryService.getServiceProperties(Unknown Source)
	at org.apache.derby.impl.services.monitor.BaseMonitor.findProviderAndStartService(Unknown Source)
	at org.apache.derby.impl.services.monitor.BaseMonitor.startPersistentService(Unknown Source)
	at org.apache.derby.iapi.services.monitor.Monitor.startPersistentService(Unknown Source)
	... 14 more
Caused by: java.security.AccessControlException: access denied ("java.io.FilePermission" "/home/leonardo/workspaceEE/progr3/BD/db-derby-10.10.1.1-bin/bin/sample/service.properties" "read")
	at java.security.AccessControlContext.checkPermission(Unknown Source)
	at java.security.AccessController.checkPermission(Unknown Source)
	at java.lang.SecurityManager.checkPermission(Unknown Source)
	at java.lang.SecurityManager.checkRead(Unknown Source)
	at java.io.File.exists(Unknown Source)
	... 23 more
============= end nested exception, level (1) ===========
============= begin nested exception, level (2) ===========
java.sql.SQLException: Falta el privilegio para la operación 'exists' en el archivo 'service.properties': access denied ("java.io.FilePermission" "/home/leonardo/workspaceEE/progr3/BD/db-derby-10.10.1.1-bin/bin/sample/service.properties" "read")
	at org.apache.derby.impl.jdbc.SQLExceptionFactory.getSQLException(Unknown Source)
	at org.apache.derby.impl.jdbc.SQLExceptionFactory40.wrapArgsForTransportAcrossDRDA(Unknown Source)
	at org.apache.derby.impl.jdbc.SQLExceptionFactory40.getSQLException(Unknown Source)
	at org.apache.derby.impl.jdbc.Util.generateCsSQLException(Unknown Source)
	at org.apache.derby.impl.jdbc.EmbedConnection.bootDatabase(Unknown Source)
	at org.apache.derby.impl.jdbc.EmbedConnection.<init>(Unknown Source)
	at org.apache.derby.impl.jdbc.EmbedConnection40.<init>(Unknown Source)
	at org.apache.derby.jdbc.Driver40.getNewEmbedConnection(Unknown Source)
	at org.apache.derby.jdbc.InternalDriver.connect(Unknown Source)
	at org.apache.derby.jdbc.Driver20.connect(Unknown Source)
	at org.apache.derby.jdbc.EmbeddedDriver.connect(Unknown Source)
	at org.apache.derby.impl.drda.Database.makeConnection(Unknown Source)
	at org.apache.derby.impl.drda.DRDAConnThread.getConnFromDatabaseName(Unknown Source)
	at org.apache.derby.impl.drda.DRDAConnThread.verifyUserIdPassword(Unknown Source)
	at org.apache.derby.impl.drda.DRDAConnThread.parseSECCHK(Unknown Source)
	at org.apache.derby.impl.drda.DRDAConnThread.parseDRDAConnection(Unknown Source)
	at org.apache.derby.impl.drda.DRDAConnThread.processCommands(Unknown Source)
	at org.apache.derby.impl.drda.DRDAConnThread.run(Unknown Source)
Caused by: ERROR XBM0C: Falta el privilegio para la operación 'exists' en el archivo 'service.properties': access denied ("java.io.FilePermission" "/home/leonardo/workspaceEE/progr3/BD/db-derby-10.10.1.1-bin/bin/sample/service.properties" "read")
	at org.apache.derby.iapi.error.StandardException.newException(Unknown Source)
	at org.apache.derby.impl.services.monitor.StorageFactoryService$FileOperationHelper.handleSecPrivException(Unknown Source)
	at org.apache.derby.impl.services.monitor.StorageFactoryService$FileOperationHelper.exists(Unknown Source)
	at org.apache.derby.impl.services.monitor.StorageFactoryService.resolveServicePropertiesFiles(Unknown Source)
	at org.apache.derby.impl.services.monitor.StorageFactoryService.access$500(Unknown Source)
	at org.apache.derby.impl.services.monitor.StorageFactoryService$4.run(Unknown Source)
	at java.security.AccessController.doPrivileged(Native Method)
	at org.apache.derby.impl.services.monitor.StorageFactoryService.getServiceProperties(Unknown Source)
	at org.apache.derby.impl.services.monitor.BaseMonitor.findProviderAndStartService(Unknown Source)
	at org.apache.derby.impl.services.monitor.BaseMonitor.startPersistentService(Unknown Source)
	at org.apache.derby.iapi.services.monitor.Monitor.startPersistentService(Unknown Source)
	... 14 more
Caused by: java.security.AccessControlException: access denied ("java.io.FilePermission" "/home/leonardo/workspaceEE/progr3/BD/db-derby-10.10.1.1-bin/bin/sample/service.properties" "read")
	at java.security.AccessControlContext.checkPermission(Unknown Source)
	at java.security.AccessController.checkPermission(Unknown Source)
	at java.lang.SecurityManager.checkPermission(Unknown Source)
	at java.lang.SecurityManager.checkRead(Unknown Source)
	at java.io.File.exists(Unknown Source)
	... 23 more
============= end nested exception, level (2) ===========
============= begin nested exception, level (3) ===========
ERROR XBM0C: Falta el privilegio para la operación 'exists' en el archivo 'service.properties': access denied ("java.io.FilePermission" "/home/leonardo/workspaceEE/progr3/BD/db-derby-10.10.1.1-bin/bin/sample/service.properties" "read")
	at org.apache.derby.iapi.error.StandardException.newException(Unknown Source)
	at org.apache.derby.impl.services.monitor.StorageFactoryService$FileOperationHelper.handleSecPrivException(Unknown Source)
	at org.apache.derby.impl.services.monitor.StorageFactoryService$FileOperationHelper.exists(Unknown Source)
	at org.apache.derby.impl.services.monitor.StorageFactoryService.resolveServicePropertiesFiles(Unknown Source)
	at org.apache.derby.impl.services.monitor.StorageFactoryService.access$500(Unknown Source)
	at org.apache.derby.impl.services.monitor.StorageFactoryService$4.run(Unknown Source)
	at java.security.AccessController.doPrivileged(Native Method)
	at org.apache.derby.impl.services.monitor.StorageFactoryService.getServiceProperties(Unknown Source)
	at org.apache.derby.impl.services.monitor.BaseMonitor.findProviderAndStartService(Unknown Source)
	at org.apache.derby.impl.services.monitor.BaseMonitor.startPersistentService(Unknown Source)
	at org.apache.derby.iapi.services.monitor.Monitor.startPersistentService(Unknown Source)
	at org.apache.derby.impl.jdbc.EmbedConnection.bootDatabase(Unknown Source)
	at org.apache.derby.impl.jdbc.EmbedConnection.<init>(Unknown Source)
	at org.apache.derby.impl.jdbc.EmbedConnection40.<init>(Unknown Source)
	at org.apache.derby.jdbc.Driver40.getNewEmbedConnection(Unknown Source)
	at org.apache.derby.jdbc.InternalDriver.connect(Unknown Source)
	at org.apache.derby.jdbc.Driver20.connect(Unknown Source)
	at org.apache.derby.jdbc.EmbeddedDriver.connect(Unknown Source)
	at org.apache.derby.impl.drda.Database.makeConnection(Unknown Source)
	at org.apache.derby.impl.drda.DRDAConnThread.getConnFromDatabaseName(Unknown Source)
	at org.apache.derby.impl.drda.DRDAConnThread.verifyUserIdPassword(Unknown Source)
	at org.apache.derby.impl.drda.DRDAConnThread.parseSECCHK(Unknown Source)
	at org.apache.derby.impl.drda.DRDAConnThread.parseDRDAConnection(Unknown Source)
	at org.apache.derby.impl.drda.DRDAConnThread.processCommands(Unknown Source)
	at org.apache.derby.impl.drda.DRDAConnThread.run(Unknown Source)
Caused by: java.security.AccessControlException: access denied ("java.io.FilePermission" "/home/leonardo/workspaceEE/progr3/BD/db-derby-10.10.1.1-bin/bin/sample/service.properties" "read")
	at java.security.AccessControlContext.checkPermission(Unknown Source)
	at java.security.AccessController.checkPermission(Unknown Source)
	at java.lang.SecurityManager.checkPermission(Unknown Source)
	at java.lang.SecurityManager.checkRead(Unknown Source)
	at java.io.File.exists(Unknown Source)
	... 23 more
============= end nested exception, level (3) ===========
============= begin nested exception, level (4) ===========
java.security.AccessControlException: access denied ("java.io.FilePermission" "/home/leonardo/workspaceEE/progr3/BD/db-derby-10.10.1.1-bin/bin/sample/service.properties" "read")
	at java.security.AccessControlContext.checkPermission(Unknown Source)
	at java.security.AccessController.checkPermission(Unknown Source)
	at java.lang.SecurityManager.checkPermission(Unknown Source)
	at java.lang.SecurityManager.checkRead(Unknown Source)
	at java.io.File.exists(Unknown Source)
	at org.apache.derby.impl.services.monitor.StorageFactoryService$FileOperationHelper.exists(Unknown Source)
	at org.apache.derby.impl.services.monitor.StorageFactoryService.resolveServicePropertiesFiles(Unknown Source)
	at org.apache.derby.impl.services.monitor.StorageFactoryService.access$500(Unknown Source)
	at org.apache.derby.impl.services.monitor.StorageFactoryService$4.run(Unknown Source)
	at java.security.AccessController.doPrivileged(Native Method)
	at org.apache.derby.impl.services.monitor.StorageFactoryService.getServiceProperties(Unknown Source)
	at org.apache.derby.impl.services.monitor.BaseMonitor.findProviderAndStartService(Unknown Source)
	at org.apache.derby.impl.services.monitor.BaseMonitor.startPersistentService(Unknown Source)
	at org.apache.derby.iapi.services.monitor.Monitor.startPersistentService(Unknown Source)
	at org.apache.derby.impl.jdbc.EmbedConnection.bootDatabase(Unknown Source)
	at org.apache.derby.impl.jdbc.EmbedConnection.<init>(Unknown Source)
	at org.apache.derby.impl.jdbc.EmbedConnection40.<init>(Unknown Source)
	at org.apache.derby.jdbc.Driver40.getNewEmbedConnection(Unknown Source)
	at org.apache.derby.jdbc.InternalDriver.connect(Unknown Source)
	at org.apache.derby.jdbc.Driver20.connect(Unknown Source)
	at org.apache.derby.jdbc.EmbeddedDriver.connect(Unknown Source)
	at org.apache.derby.impl.drda.Database.makeConnection(Unknown Source)
	at org.apache.derby.impl.drda.DRDAConnThread.getConnFromDatabaseName(Unknown Source)
	at org.apache.derby.impl.drda.DRDAConnThread.verifyUserIdPassword(Unknown Source)
	at org.apache.derby.impl.drda.DRDAConnThread.parseSECCHK(Unknown Source)
	at org.apache.derby.impl.drda.DRDAConnThread.parseDRDAConnection(Unknown Source)
	at org.apache.derby.impl.drda.DRDAConnThread.processCommands(Unknown Source)
	at org.apache.derby.impl.drda.DRDAConnThread.run(Unknown Source)
============= end nested exception, level (4) ===========
Cleanup action completed
Sun Feb 16 17:07:46 CET 2014 Thread[DRDAConnThread_2,5,main] (DATABASE = sample), (DRDAID = {1}), No se ha podido iniciar la base de datos 'sample' con el cargador de clases sun.misc.Launcher$AppClassLoader@2e7cf883, consulte la excepción siguiente para obtener más información.
Sun Feb 16 17:07:46 CET 2014 Thread[DRDAConnThread_2,5,main] (DATABASE = sample), (DRDAID = {1}), Falta el privilegio para la operación 'exists' en el archivo 'service.properties': access denied ("java.io.FilePermission" "/home/leonardo/workspaceEE/progr3/BD/db-derby-10.10.1.1-bin/bin/sample/service.properties" "read")
